<?xml version="1.0" encoding="UTF-8"?>
<coverage generated="1648752635497" clover="3.2.0">
  <project timestamp="1648752635497" name="All files">
    <metrics statements="34" coveredstatements="34" conditionals="29" coveredconditionals="29" methods="9" coveredmethods="9" elements="72" coveredelements="72" complexity="0" loc="34" ncloc="34" packages="2" files="3" classes="3"/>
    <package name="components.invite-modal">
      <metrics statements="31" coveredstatements="31" conditionals="29" coveredconditionals="29" methods="8" coveredmethods="8"/>
      <file name="form.tsx" path="/Users/lip/workspace/lab/broccoli/src/components/invite-modal/form.tsx">
        <metrics statements="25" coveredstatements="25" conditionals="29" coveredconditionals="29" methods="7" coveredmethods="7"/>
        <line num="1" count="1" type="stmt"/>
        <line num="2" count="1" type="stmt"/>
        <line num="3" count="1" type="stmt"/>
        <line num="4" count="1" type="stmt"/>
        <line num="6" count="1" type="stmt"/>
        <line num="12" count="1" type="stmt"/>
        <line num="14" count="1" type="stmt"/>
        <line num="15" count="32" type="stmt"/>
        <line num="16" count="32" type="stmt"/>
        <line num="17" count="32" type="stmt"/>
        <line num="19" count="32" type="stmt"/>
        <line num="20" count="32" type="stmt"/>
        <line num="21" count="32" type="stmt"/>
        <line num="22" count="32" type="stmt"/>
        <line num="23" count="32" type="stmt"/>
        <line num="26" count="32" type="stmt"/>
        <line num="27" count="4" type="stmt"/>
        <line num="28" count="4" type="stmt"/>
        <line num="30" count="4" type="stmt"/>
        <line num="32" count="2" type="stmt"/>
        <line num="34" count="2" type="cond" truecount="14" falsecount="0"/>
        <line num="36" count="4" type="stmt"/>
        <line num="40" count="32" type="stmt"/>
        <line num="58" count="6" type="stmt"/>
        <line num="66" count="6" type="stmt"/>
      </file>
      <file name="success.tsx" path="/Users/lip/workspace/lab/broccoli/src/components/invite-modal/success.tsx">
        <metrics statements="6" coveredstatements="6" conditionals="0" coveredconditionals="0" methods="1" coveredmethods="1"/>
        <line num="1" count="1" type="stmt"/>
        <line num="2" count="1" type="stmt"/>
        <line num="8" count="1" type="stmt"/>
        <line num="10" count="1" type="stmt"/>
        <line num="11" count="1" type="stmt"/>
        <line num="12" count="1" type="stmt"/>
      </file>
    </package>
    <package name="utills">
      <metrics statements="3" coveredstatements="3" conditionals="0" coveredconditionals="0" methods="1" coveredmethods="1"/>
      <file name="index.ts" path="/Users/lip/workspace/lab/broccoli/src/utills/index.ts">
        <metrics statements="3" coveredstatements="3" conditionals="0" coveredconditionals="0" methods="1" coveredmethods="1"/>
        <line num="1" count="1" type="stmt"/>
        <line num="2" count="6" type="stmt"/>
        <line num="3" count="6" type="stmt"/>
      </file>
    </package>
  </project>
</coverage>
