{"/Users/lip/workspace/lab/broccoli/src/components/invite-modal/form.tsx": {"path":"/Users/lip/workspace/lab/broccoli/src/components/invite-modal/form.tsx","statementMap":{"0":{"start":{"line":1,"column":0},"end":{"line":1,"column":40}},"1":{"start":{"line":2,"column":0},"end":{"line":2,"column":26}},"2":{"start":{"line":3,"column":0},"end":{"line":3,"column":42}},"3":{"start":{"line":4,"column":0},"end":{"line":4,"column":42}},"4":{"start":{"line":6,"column":0},"end":{"line":6,"column":44}},"5":{"start":{"line":12,"column":13},"end":{"line":12,"column":23}},"6":{"start":{"line":15,"column":24},"end":{"line":15,"column":30}},"7":{"start":{"line":16,"column":34},"end":{"line":16,"column":46}},"8":{"start":{"line":16,"column":17},"end":{"line":16,"column":19}},"9":{"start":{"line":16,"column":30},"end":{"line":16,"column":34}},"10":{"start":{"line":17,"column":36},"end":{"line":17,"column":51}},"11":{"start":{"line":17,"column":18},"end":{"line":17,"column":20}},"12":{"start":{"line":17,"column":32},"end":{"line":17,"column":36}},"13":{"start":{"line":23,"column":6},"end":{"line":23,"column":15}},"14":{"start":{"line":19,"column":12},"end":{"line":19,"column":null}},"15":{"start":{"line":20,"column":16},"end":{"line":20,"column":null}},"16":{"start":{"line":21,"column":23},"end":{"line":21,"column":null}},"17":{"start":{"line":22,"column":13},"end":{"line":22,"column":null}},"18":{"start":{"line":26,"column":19},"end":{"line":39,"column":3}},"19":{"start":{"line":27,"column":4},"end":{"line":27,"column":25}},"20":{"start":{"line":27,"column":18},"end":{"line":27,"column":25}},"21":{"start":{"line":28,"column":4},"end":{"line":28,"column":null}},"22":{"start":{"line":29,"column":4},"end":{"line":29,"column":null}},"23":{"start":{"line":31,"column":4},"end":{"line":38,"column":null}},"24":{"start":{"line":33,"column":6},"end":{"line":33,"column":18}},"25":{"start":{"line":35,"column":6},"end":{"line":35,"column":null}},"26":{"start":{"line":37,"column":6},"end":{"line":37,"column":26}},"27":{"start":{"line":41,"column":2},"end":{"line":79,"column":4}},"28":{"start":{"line":59,"column":69},"end":{"line":59,"column":91}},"29":{"start":{"line":67,"column":76},"end":{"line":67,"column":106}},"30":{"start":{"line":14,"column":0},"end":{"line":14,"column":24}}},"fnMap":{"0":{"name":"Form","decl":{"start":{"line":14,"column":24},"end":{"line":14,"column":28}},"loc":{"start":{"line":14,"column":46},"end":{"line":80,"column":1}}},"1":{"name":"(anonymous_10)","decl":{"start":{"line":26,"column":19},"end":{"line":26,"column":20}},"loc":{"start":{"line":26,"column":24},"end":{"line":39,"column":3}}},"2":{"name":"(anonymous_11)","decl":{"start":{"line":32,"column":10},"end":{"line":32,"column":null}},"loc":{"start":{"line":32,"column":10},"end":{"line":34,"column":5}}},"3":{"name":"(anonymous_12)","decl":{"start":{"line":34,"column":13},"end":{"line":34,"column":18}},"loc":{"start":{"line":34,"column":18},"end":{"line":36,"column":5}}},"4":{"name":"(anonymous_13)","decl":{"start":{"line":36,"column":15},"end":{"line":36,"column":null}},"loc":{"start":{"line":36,"column":15},"end":{"line":38,"column":5}}},"5":{"name":"(anonymous_14)","decl":{"start":{"line":59,"column":60},"end":{"line":59,"column":65}},"loc":{"start":{"line":59,"column":65},"end":{"line":59,"column":82}}},"6":{"name":"(anonymous_15)","decl":{"start":{"line":67,"column":67},"end":{"line":67,"column":72}},"loc":{"start":{"line":67,"column":72},"end":{"line":67,"column":81}}}},"branchMap":{"0":{"loc":{"start":{"line":27,"column":4},"end":{"line":27,"column":25}},"type":"if","locations":[{"start":{"line":27,"column":4},"end":{"line":27,"column":25}}]},"1":{"loc":{"start":{"line":35,"column":18},"end":{"line":35,"column":82}},"type":"binary-expr","locations":[{"start":{"line":35,"column":18},"end":{"line":35,"column":53}},{"start":{"line":35,"column":57},"end":{"line":35,"column":82}}]},"2":{"loc":{"start":{"line":35,"column":18},"end":{"line":35,"column":53}},"type":"cond-expr","locations":[{"start":{"line":35,"column":39},"end":{"line":35,"column":41}},{"start":{"line":35,"column":39},"end":{"line":35,"column":53}}]},"3":{"loc":{"start":{"line":35,"column":18},"end":{"line":35,"column":41}},"type":"binary-expr","locations":[{"start":{"line":35,"column":18},"end":{"line":35,"column":41}},{"start":{"line":35,"column":39},"end":{"line":35,"column":41}}]},"4":{"loc":{"start":{"line":35,"column":18},"end":{"line":35,"column":39}},"type":"cond-expr","locations":[{"start":{"line":35,"column":33},"end":{"line":35,"column":35}},{"start":{"line":35,"column":33},"end":{"line":35,"column":39}}]},"5":{"loc":{"start":{"line":35,"column":18},"end":{"line":35,"column":35}},"type":"binary-expr","locations":[{"start":{"line":35,"column":18},"end":{"line":35,"column":35}},{"start":{"line":35,"column":33},"end":{"line":35,"column":35}}]},"6":{"loc":{"start":{"line":35,"column":18},"end":{"line":35,"column":33}},"type":"cond-expr","locations":[{"start":{"line":35,"column":23},"end":{"line":35,"column":25}},{"start":{"line":35,"column":18},"end":{"line":35,"column":33}}]},"7":{"loc":{"start":{"line":35,"column":18},"end":{"line":35,"column":25}},"type":"binary-expr","locations":[{"start":{"line":35,"column":18},"end":{"line":35,"column":25}},{"start":{"line":35,"column":18},"end":{"line":35,"column":25}}]},"8":{"loc":{"start":{"line":53,"column":9},"end":{"line":53,"column":66}},"type":"binary-expr","locations":[{"start":{"line":53,"column":9},"end":{"line":53,"column":20}},{"start":{"line":53,"column":24},"end":{"line":53,"column":66}}]},"9":{"loc":{"start":{"line":61,"column":9},"end":{"line":61,"column":123}},"type":"binary-expr","locations":[{"start":{"line":61,"column":9},"end":{"line":61,"column":21}},{"start":{"line":61,"column":25},"end":{"line":61,"column":123}}]},"10":{"loc":{"start":{"line":61,"column":44},"end":{"line":61,"column":118}},"type":"cond-expr","locations":[{"start":{"line":61,"column":79},"end":{"line":61,"column":99}},{"start":{"line":61,"column":102},"end":{"line":61,"column":118}}]},"11":{"loc":{"start":{"line":69,"column":9},"end":{"line":70,"column":149}},"type":"binary-expr","locations":[{"start":{"line":69,"column":9},"end":{"line":69,"column":28}},{"start":{"line":70,"column":13},"end":{"line":70,"column":149}}]},"12":{"loc":{"start":{"line":70,"column":31},"end":{"line":70,"column":144}},"type":"cond-expr","locations":[{"start":{"line":70,"column":73},"end":{"line":70,"column":101}},{"start":{"line":70,"column":104},"end":{"line":70,"column":144}}]},"13":{"loc":{"start":{"line":73,"column":11},"end":{"line":73,"column":56}},"type":"cond-expr","locations":[{"start":{"line":73,"column":23},"end":{"line":73,"column":45}},{"start":{"line":73,"column":48},"end":{"line":73,"column":56}}]},"14":{"loc":{"start":{"line":76,"column":9},"end":{"line":76,"column":52}},"type":"binary-expr","locations":[{"start":{"line":76,"column":9},"end":{"line":76,"column":19}},{"start":{"line":76,"column":23},"end":{"line":76,"column":31}},{"start":{"line":76,"column":35},"end":{"line":76,"column":52}}]}},"s":{"0":2,"1":2,"2":2,"3":2,"4":2,"5":2,"6":32,"7":32,"8":32,"9":32,"10":32,"11":32,"12":32,"13":32,"14":32,"15":32,"16":32,"17":32,"18":32,"19":4,"20":0,"21":4,"22":4,"23":4,"24":2,"25":2,"26":4,"27":32,"28":6,"29":6,"30":2},"f":{"0":32,"1":4,"2":2,"3":2,"4":4,"5":6,"6":6},"b":{"0":[0],"1":[2,1],"2":[1,1],"3":[2,2],"4":[1,1],"5":[2,2],"6":[1,1],"7":[2,2],"8":[32,1],"9":[32,2],"10":[1,1],"11":[32,2],"12":[1,1],"13":[10,22],"14":[32,22,2]}}
,"/Users/lip/workspace/lab/broccoli/src/components/invite-modal/index.tsx": {"path":"/Users/lip/workspace/lab/broccoli/src/components/invite-modal/index.tsx","statementMap":{"0":{"start":{"line":1,"column":0},"end":{"line":1,"column":40}},"1":{"start":{"line":2,"column":0},"end":{"line":2,"column":32}},"2":{"start":{"line":3,"column":0},"end":{"line":3,"column":26}},"3":{"start":{"line":4,"column":0},"end":{"line":4,"column":32}},"4":{"start":{"line":6,"column":0},"end":{"line":6,"column":21}},"5":{"start":{"line":9,"column":0},"end":{"line":9,"column":null}},"6":{"start":{"line":10,"column":2},"end":{"line":10,"column":null}},"7":{"start":{"line":11,"column":2},"end":{"line":11,"column":null}},"8":{"start":{"line":21,"column":28},"end":{"line":21,"column":34}},"9":{"start":{"line":22,"column":26},"end":{"line":22,"column":47}},"10":{"start":{"line":22,"column":13},"end":{"line":22,"column":15}},"11":{"start":{"line":22,"column":22},"end":{"line":22,"column":26}},"12":{"start":{"line":24,"column":24},"end":{"line":26,"column":3}},"13":{"start":{"line":25,"column":4},"end":{"line":25,"column":26}},"14":{"start":{"line":28,"column":27},"end":{"line":31,"column":3}},"15":{"start":{"line":29,"column":4},"end":{"line":29,"column":25}},"16":{"start":{"line":30,"column":4},"end":{"line":30,"column":14}},"17":{"start":{"line":33,"column":2},"end":{"line":42,"column":4}},"18":{"start":{"line":20,"column":0},"end":{"line":20,"column":24}}},"fnMap":{"0":{"name":"(anonymous_7)","decl":{"start":{"line":9,"column":0},"end":{"line":9,"column":12}},"loc":{"start":{"line":9,"column":16},"end":{"line":12,"column":1}}},"1":{"name":"InviteModal","decl":{"start":{"line":20,"column":24},"end":{"line":20,"column":35}},"loc":{"start":{"line":20,"column":60},"end":{"line":43,"column":1}}},"2":{"name":"(anonymous_9)","decl":{"start":{"line":24,"column":24},"end":{"line":24,"column":null}},"loc":{"start":{"line":24,"column":24},"end":{"line":26,"column":3}}},"3":{"name":"(anonymous_10)","decl":{"start":{"line":28,"column":27},"end":{"line":28,"column":null}},"loc":{"start":{"line":28,"column":27},"end":{"line":31,"column":3}}}},"branchMap":{"0":{"loc":{"start":{"line":9,"column":12},"end":{"line":9,"column":null}},"type":"binary-expr","locations":[{"start":{"line":9,"column":12},"end":{"line":9,"column":16}},{"start":{"line":9,"column":12},"end":{"line":9,"column":null}}]},"1":{"loc":{"start":{"line":36,"column":8},"end":{"line":36,"column":66}},"type":"binary-expr","locations":[{"start":{"line":36,"column":8},"end":{"line":36,"column":28}},{"start":{"line":36,"column":32},"end":{"line":36,"column":66}}]},"2":{"loc":{"start":{"line":39,"column":8},"end":{"line":39,"column":71}},"type":"binary-expr","locations":[{"start":{"line":39,"column":8},"end":{"line":39,"column":29}},{"start":{"line":39,"column":33},"end":{"line":39,"column":71}}]}},"s":{"0":1,"1":1,"2":1,"3":1,"4":1,"5":1,"6":1,"7":1,"8":10,"9":5,"10":5,"11":5,"12":5,"13":1,"14":5,"15":1,"16":1,"17":5,"18":1},"f":{"0":1,"1":5,"2":1,"3":1},"b":{"0":[1,1],"1":[5,3],"2":[5,2]}}
,"/Users/lip/workspace/lab/broccoli/src/components/invite-modal/success.tsx": {"path":"/Users/lip/workspace/lab/broccoli/src/components/invite-modal/success.tsx","statementMap":{"0":{"start":{"line":1,"column":0},"end":{"line":1,"column":26}},"1":{"start":{"line":2,"column":0},"end":{"line":2,"column":42}},"2":{"start":{"line":8,"column":12},"end":{"line":8,"column":25}},"3":{"start":{"line":11,"column":22},"end":{"line":11,"column":28}},"4":{"start":{"line":12,"column":2},"end":{"line":22,"column":4}},"5":{"start":{"line":10,"column":0},"end":{"line":10,"column":24}}},"fnMap":{"0":{"name":"Success","decl":{"start":{"line":10,"column":24},"end":{"line":10,"column":31}},"loc":{"start":{"line":10,"column":52},"end":{"line":23,"column":1}}}},"branchMap":{},"s":{"0":2,"1":2,"2":2,"3":2,"4":2,"5":2},"f":{"0":2},"b":{}}
,"/Users/lip/workspace/lab/broccoli/src/components/ui/modal/index.tsx": {"path":"/Users/lip/workspace/lab/broccoli/src/components/ui/modal/index.tsx","statementMap":{"0":{"start":{"line":1,"column":0},"end":{"line":1,"column":51}},"1":{"start":{"line":2,"column":0},"end":{"line":2,"column":42}},"2":{"start":{"line":4,"column":0},"end":{"line":4,"column":22}},"3":{"start":{"line":6,"column":14},"end":{"line":6,"column":25}},"4":{"start":{"line":14,"column":38},"end":{"line":14,"column":44}},"5":{"start":{"line":16,"column":2},"end":{"line":23,"column":4}},"6":{"start":{"line":13,"column":0},"end":{"line":13,"column":24}}},"fnMap":{"0":{"name":"Modal","decl":{"start":{"line":13,"column":24},"end":{"line":13,"column":29}},"loc":{"start":{"line":13,"column":72},"end":{"line":24,"column":1}}}},"branchMap":{"0":{"loc":{"start":{"line":20,"column":9},"end":{"line":20,"column":25}},"type":"binary-expr","locations":[{"start":{"line":20,"column":9},"end":{"line":20,"column":13}},{"start":{"line":20,"column":17},"end":{"line":20,"column":25}}]}},"s":{"0":1,"1":1,"2":1,"3":1,"4":3,"5":1,"6":1},"f":{"0":1},"b":{"0":[1,1]}}
,"/Users/lip/workspace/lab/broccoli/src/utills/index.ts": {"path":"/Users/lip/workspace/lab/broccoli/src/utills/index.ts","statementMap":{"0":{"start":{"line":1,"column":29},"end":{"line":7,"column":1}},"1":{"start":{"line":2,"column":2},"end":{"line":6,"column":6}},"2":{"start":{"line":1,"column":13},"end":{"line":1,"column":29}}},"fnMap":{"0":{"name":"(anonymous_0)","decl":{"start":{"line":1,"column":29},"end":{"line":1,"column":30}},"loc":{"start":{"line":1,"column":35},"end":{"line":7,"column":1}}}},"branchMap":{},"s":{"0":2,"1":6,"2":2},"f":{"0":6},"b":{}}
}
