{"/Users/lip/workspace/lab/broccoli/src/components/invite-modal/form.tsx": {"path":"/Users/lip/workspace/lab/broccoli/src/components/invite-modal/form.tsx","statementMap":{"0":{"start":{"line":1,"column":0},"end":{"line":1,"column":40}},"1":{"start":{"line":2,"column":0},"end":{"line":2,"column":26}},"2":{"start":{"line":3,"column":0},"end":{"line":3,"column":42}},"3":{"start":{"line":4,"column":0},"end":{"line":4,"column":42}},"4":{"start":{"line":6,"column":0},"end":{"line":6,"column":44}},"5":{"start":{"line":12,"column":13},"end":{"line":12,"column":23}},"6":{"start":{"line":15,"column":24},"end":{"line":15,"column":30}},"7":{"start":{"line":16,"column":34},"end":{"line":16,"column":46}},"8":{"start":{"line":16,"column":17},"end":{"line":16,"column":19}},"9":{"start":{"line":16,"column":30},"end":{"line":16,"column":34}},"10":{"start":{"line":17,"column":36},"end":{"line":17,"column":51}},"11":{"start":{"line":17,"column":18},"end":{"line":17,"column":20}},"12":{"start":{"line":17,"column":32},"end":{"line":17,"column":36}},"13":{"start":{"line":23,"column":6},"end":{"line":23,"column":15}},"14":{"start":{"line":19,"column":12},"end":{"line":19,"column":null}},"15":{"start":{"line":20,"column":16},"end":{"line":20,"column":null}},"16":{"start":{"line":21,"column":23},"end":{"line":21,"column":null}},"17":{"start":{"line":22,"column":13},"end":{"line":22,"column":null}},"18":{"start":{"line":26,"column":19},"end":{"line":38,"column":3}},"19":{"start":{"line":27,"column":4},"end":{"line":27,"column":null}},"20":{"start":{"line":28,"column":4},"end":{"line":28,"column":null}},"21":{"start":{"line":30,"column":4},"end":{"line":37,"column":null}},"22":{"start":{"line":32,"column":6},"end":{"line":32,"column":18}},"23":{"start":{"line":34,"column":6},"end":{"line":34,"column":null}},"24":{"start":{"line":36,"column":6},"end":{"line":36,"column":26}},"25":{"start":{"line":40,"column":2},"end":{"line":78,"column":4}},"26":{"start":{"line":58,"column":70},"end":{"line":58,"column":92}},"27":{"start":{"line":66,"column":76},"end":{"line":66,"column":106}},"28":{"start":{"line":14,"column":0},"end":{"line":14,"column":24}}},"fnMap":{"0":{"name":"Form","decl":{"start":{"line":14,"column":24},"end":{"line":14,"column":28}},"loc":{"start":{"line":14,"column":46},"end":{"line":79,"column":1}}},"1":{"name":"(anonymous_10)","decl":{"start":{"line":26,"column":19},"end":{"line":26,"column":20}},"loc":{"start":{"line":26,"column":24},"end":{"line":38,"column":3}}},"2":{"name":"(anonymous_11)","decl":{"start":{"line":31,"column":10},"end":{"line":31,"column":null}},"loc":{"start":{"line":31,"column":10},"end":{"line":33,"column":5}}},"3":{"name":"(anonymous_12)","decl":{"start":{"line":33,"column":13},"end":{"line":33,"column":18}},"loc":{"start":{"line":33,"column":18},"end":{"line":35,"column":5}}},"4":{"name":"(anonymous_13)","decl":{"start":{"line":35,"column":15},"end":{"line":35,"column":null}},"loc":{"start":{"line":35,"column":15},"end":{"line":37,"column":5}}},"5":{"name":"(anonymous_14)","decl":{"start":{"line":58,"column":61},"end":{"line":58,"column":66}},"loc":{"start":{"line":58,"column":66},"end":{"line":58,"column":83}}},"6":{"name":"(anonymous_15)","decl":{"start":{"line":66,"column":67},"end":{"line":66,"column":72}},"loc":{"start":{"line":66,"column":72},"end":{"line":66,"column":81}}}},"branchMap":{"0":{"loc":{"start":{"line":34,"column":18},"end":{"line":34,"column":82}},"type":"binary-expr","locations":[{"start":{"line":34,"column":18},"end":{"line":34,"column":53}},{"start":{"line":34,"column":57},"end":{"line":34,"column":82}}]},"1":{"loc":{"start":{"line":34,"column":18},"end":{"line":34,"column":53}},"type":"cond-expr","locations":[{"start":{"line":34,"column":39},"end":{"line":34,"column":41}},{"start":{"line":34,"column":39},"end":{"line":34,"column":53}}]},"2":{"loc":{"start":{"line":34,"column":18},"end":{"line":34,"column":41}},"type":"binary-expr","locations":[{"start":{"line":34,"column":18},"end":{"line":34,"column":41}},{"start":{"line":34,"column":39},"end":{"line":34,"column":41}}]},"3":{"loc":{"start":{"line":34,"column":18},"end":{"line":34,"column":39}},"type":"cond-expr","locations":[{"start":{"line":34,"column":33},"end":{"line":34,"column":35}},{"start":{"line":34,"column":33},"end":{"line":34,"column":39}}]},"4":{"loc":{"start":{"line":34,"column":18},"end":{"line":34,"column":35}},"type":"binary-expr","locations":[{"start":{"line":34,"column":18},"end":{"line":34,"column":35}},{"start":{"line":34,"column":33},"end":{"line":34,"column":35}}]},"5":{"loc":{"start":{"line":34,"column":18},"end":{"line":34,"column":33}},"type":"cond-expr","locations":[{"start":{"line":34,"column":23},"end":{"line":34,"column":25}},{"start":{"line":34,"column":18},"end":{"line":34,"column":33}}]},"6":{"loc":{"start":{"line":34,"column":18},"end":{"line":34,"column":25}},"type":"binary-expr","locations":[{"start":{"line":34,"column":18},"end":{"line":34,"column":25}},{"start":{"line":34,"column":18},"end":{"line":34,"column":25}}]},"7":{"loc":{"start":{"line":52,"column":10},"end":{"line":52,"column":67}},"type":"binary-expr","locations":[{"start":{"line":52,"column":10},"end":{"line":52,"column":21}},{"start":{"line":52,"column":25},"end":{"line":52,"column":67}}]},"8":{"loc":{"start":{"line":60,"column":9},"end":{"line":60,"column":123}},"type":"binary-expr","locations":[{"start":{"line":60,"column":9},"end":{"line":60,"column":21}},{"start":{"line":60,"column":25},"end":{"line":60,"column":123}}]},"9":{"loc":{"start":{"line":60,"column":44},"end":{"line":60,"column":118}},"type":"cond-expr","locations":[{"start":{"line":60,"column":79},"end":{"line":60,"column":99}},{"start":{"line":60,"column":102},"end":{"line":60,"column":118}}]},"10":{"loc":{"start":{"line":68,"column":9},"end":{"line":69,"column":149}},"type":"binary-expr","locations":[{"start":{"line":68,"column":9},"end":{"line":68,"column":28}},{"start":{"line":69,"column":13},"end":{"line":69,"column":149}}]},"11":{"loc":{"start":{"line":69,"column":31},"end":{"line":69,"column":144}},"type":"cond-expr","locations":[{"start":{"line":69,"column":73},"end":{"line":69,"column":101}},{"start":{"line":69,"column":104},"end":{"line":69,"column":144}}]},"12":{"loc":{"start":{"line":72,"column":11},"end":{"line":72,"column":56}},"type":"cond-expr","locations":[{"start":{"line":72,"column":23},"end":{"line":72,"column":45}},{"start":{"line":72,"column":48},"end":{"line":72,"column":56}}]},"13":{"loc":{"start":{"line":75,"column":9},"end":{"line":75,"column":52}},"type":"binary-expr","locations":[{"start":{"line":75,"column":9},"end":{"line":75,"column":19}},{"start":{"line":75,"column":23},"end":{"line":75,"column":31}},{"start":{"line":75,"column":35},"end":{"line":75,"column":52}}]}},"s":{"0":1,"1":1,"2":1,"3":1,"4":1,"5":1,"6":32,"7":32,"8":32,"9":32,"10":32,"11":32,"12":32,"13":32,"14":32,"15":32,"16":32,"17":32,"18":32,"19":4,"20":4,"21":4,"22":2,"23":2,"24":4,"25":32,"26":6,"27":6,"28":1},"f":{"0":32,"1":4,"2":2,"3":2,"4":4,"5":6,"6":6},"b":{"0":[2,1],"1":[1,1],"2":[2,2],"3":[1,1],"4":[2,2],"5":[1,1],"6":[2,2],"7":[32,1],"8":[32,2],"9":[1,1],"10":[32,2],"11":[1,1],"12":[10,22],"13":[32,22,2]}}
,"/Users/lip/workspace/lab/broccoli/src/components/invite-modal/success.tsx": {"path":"/Users/lip/workspace/lab/broccoli/src/components/invite-modal/success.tsx","statementMap":{"0":{"start":{"line":1,"column":0},"end":{"line":1,"column":26}},"1":{"start":{"line":2,"column":0},"end":{"line":2,"column":42}},"2":{"start":{"line":8,"column":12},"end":{"line":8,"column":25}},"3":{"start":{"line":11,"column":22},"end":{"line":11,"column":28}},"4":{"start":{"line":12,"column":2},"end":{"line":22,"column":4}},"5":{"start":{"line":10,"column":0},"end":{"line":10,"column":24}}},"fnMap":{"0":{"name":"Success","decl":{"start":{"line":10,"column":24},"end":{"line":10,"column":31}},"loc":{"start":{"line":10,"column":52},"end":{"line":23,"column":1}}}},"branchMap":{},"s":{"0":1,"1":1,"2":1,"3":1,"4":1,"5":1},"f":{"0":1},"b":{}}
,"/Users/lip/workspace/lab/broccoli/src/utills/index.ts": {"path":"/Users/lip/workspace/lab/broccoli/src/utills/index.ts","statementMap":{"0":{"start":{"line":1,"column":29},"end":{"line":8,"column":1}},"1":{"start":{"line":2,"column":2},"end":{"line":2,"column":32}},"2":{"start":{"line":3,"column":2},"end":{"line":7,"column":6}},"3":{"start":{"line":1,"column":13},"end":{"line":1,"column":29}}},"fnMap":{"0":{"name":"(anonymous_0)","decl":{"start":{"line":1,"column":29},"end":{"line":1,"column":30}},"loc":{"start":{"line":1,"column":35},"end":{"line":8,"column":1}}}},"branchMap":{},"s":{"0":1,"1":6,"2":6,"3":1},"f":{"0":6},"b":{}}
}
