TN:
SF:src/components/invite-modal/form.tsx
FN:14,Form
FN:26,(anonymous_10)
FN:32,(anonymous_11)
FN:34,(anonymous_12)
FN:36,(anonymous_13)
FN:59,(anonymous_14)
FN:67,(anonymous_15)
FNF:7
FNH:7
FNDA:32,Form
FNDA:4,(anonymous_10)
FNDA:2,(anonymous_11)
FNDA:2,(anonymous_12)
FNDA:4,(anonymous_13)
FNDA:6,(anonymous_14)
FNDA:6,(anonymous_15)
DA:1,2
DA:2,2
DA:3,2
DA:4,2
DA:6,2
DA:12,2
DA:14,2
DA:15,32
DA:16,32
DA:17,32
DA:19,32
DA:20,32
DA:21,32
DA:22,32
DA:23,32
DA:26,32
DA:27,4
DA:28,4
DA:29,4
DA:31,4
DA:33,2
DA:35,2
DA:37,4
DA:41,32
DA:59,6
DA:67,6
LF:26
LH:26
BRDA:27,0,0,0
BRDA:35,1,0,2
BRDA:35,1,1,1
BRDA:35,2,0,1
BRDA:35,2,1,1
BRDA:35,3,0,2
BRDA:35,3,1,2
BRDA:35,4,0,1
BRDA:35,4,1,1
BRDA:35,5,0,2
BRDA:35,5,1,2
BRDA:35,6,0,1
BRDA:35,6,1,1
BRDA:35,7,0,2
BRDA:35,7,1,2
BRDA:53,8,0,32
BRDA:53,8,1,1
BRDA:61,9,0,32
BRDA:61,9,1,2
BRDA:61,10,0,1
BRDA:61,10,1,1
BRDA:69,11,0,32
BRDA:69,11,1,2
BRDA:70,12,0,1
BRDA:70,12,1,1
BRDA:73,13,0,10
BRDA:73,13,1,22
BRDA:76,14,0,32
BRDA:76,14,1,22
BRDA:76,14,2,2
BRF:30
BRH:29
end_of_record
TN:
SF:src/components/invite-modal/index.tsx
FN:9,(anonymous_7)
FN:20,InviteModal
FN:24,(anonymous_9)
FN:28,(anonymous_10)
FNF:4
FNH:4
FNDA:1,(anonymous_7)
FNDA:5,InviteModal
FNDA:1,(anonymous_9)
FNDA:1,(anonymous_10)
DA:1,1
DA:2,1
DA:3,1
DA:4,1
DA:6,1
DA:9,1
DA:10,1
DA:11,1
DA:20,1
DA:21,10
DA:22,5
DA:24,5
DA:25,1
DA:28,5
DA:29,1
DA:30,1
DA:33,5
LF:17
LH:17
BRDA:9,0,0,1
BRDA:9,0,1,1
BRDA:36,1,0,5
BRDA:36,1,1,3
BRDA:39,2,0,5
BRDA:39,2,1,2
BRF:6
BRH:6
end_of_record
TN:
SF:src/components/invite-modal/success.tsx
FN:10,Success
FNF:1
FNH:1
FNDA:2,Success
DA:1,2
DA:2,2
DA:8,2
DA:10,2
DA:11,2
DA:12,2
LF:6
LH:6
BRF:0
BRH:0
end_of_record
TN:
SF:src/components/ui/modal/index.tsx
FN:13,Modal
FNF:1
FNH:1
FNDA:1,Modal
DA:1,1
DA:2,1
DA:4,1
DA:6,1
DA:13,1
DA:14,3
DA:16,1
LF:7
LH:7
BRDA:20,0,0,1
BRDA:20,0,1,1
BRF:2
BRH:2
end_of_record
TN:
SF:src/utills/index.ts
FN:1,(anonymous_0)
FNF:1
FNH:1
FNDA:6,(anonymous_0)
DA:1,2
DA:2,6
LF:2
LH:2
BRF:0
BRH:0
end_of_record
