TN:
SF:src/components/invite-modal/form.tsx
FN:14,Form
FN:26,(anonymous_10)
FN:31,(anonymous_11)
FN:33,(anonymous_12)
FN:35,(anonymous_13)
FN:58,(anonymous_14)
FN:66,(anonymous_15)
FNF:7
FNH:7
FNDA:32,Form
FNDA:4,(anonymous_10)
FNDA:2,(anonymous_11)
FNDA:2,(anonymous_12)
FNDA:4,(anonymous_13)
FNDA:6,(anonymous_14)
FNDA:6,(anonymous_15)
DA:1,1
DA:2,1
DA:3,1
DA:4,1
DA:6,1
DA:12,1
DA:14,1
DA:15,32
DA:16,32
DA:17,32
DA:19,32
DA:20,32
DA:21,32
DA:22,32
DA:23,32
DA:26,32
DA:27,4
DA:28,4
DA:30,4
DA:32,2
DA:34,2
DA:36,4
DA:40,32
DA:58,6
DA:66,6
LF:25
LH:25
BRDA:34,0,0,2
BRDA:34,0,1,1
BRDA:34,1,0,1
BRDA:34,1,1,1
BRDA:34,2,0,2
BRDA:34,2,1,2
BRDA:34,3,0,1
BRDA:34,3,1,1
BRDA:34,4,0,2
BRDA:34,4,1,2
BRDA:34,5,0,1
BRDA:34,5,1,1
BRDA:34,6,0,2
BRDA:34,6,1,2
BRDA:52,7,0,32
BRDA:52,7,1,1
BRDA:60,8,0,32
BRDA:60,8,1,2
BRDA:60,9,0,1
BRDA:60,9,1,1
BRDA:68,10,0,32
BRDA:68,10,1,2
BRDA:69,11,0,1
BRDA:69,11,1,1
BRDA:72,12,0,10
BRDA:72,12,1,22
BRDA:75,13,0,32
BRDA:75,13,1,22
BRDA:75,13,2,2
BRF:29
BRH:29
end_of_record
TN:
SF:src/components/invite-modal/success.tsx
FN:10,Success
FNF:1
FNH:1
FNDA:1,Success
DA:1,1
DA:2,1
DA:8,1
DA:10,1
DA:11,1
DA:12,1
LF:6
LH:6
BRF:0
BRH:0
end_of_record
TN:
SF:src/utills/index.ts
FN:1,(anonymous_0)
FNF:1
FNH:1
FNDA:6,(anonymous_0)
DA:1,1
DA:2,6
DA:3,6
LF:3
LH:3
BRF:0
BRH:0
end_of_record
